<?xml version='1.0' encoding='UTF-8'?>
<testsuite hostname="DESKTOP-M1S46H2" name="snake.SnakeSuit" tests="3" errors="0" failures="0" skipped="0" time="0.037" timestamp="2021-09-01T04:01:39">
                     <properties>
[...]
</properties>
                     <testcase classname="snake.SnakeSuit" name="test1" time="0.021">
                                                 
                                               </testcase><testcase classname="snake.SnakeSuit" name="test2" time="0.014">
                                                 
                                               </testcase><testcase classname="snake.SnakeSuit" name="test3" time="0.002">
                                                 
                                               </testcase>
                     <system-out><![CDATA[]]></system-out>
                     <system-err><![CDATA[]]></system-err>
                   </testsuite>